
Log for 'fba' Clone_2 (V12.10.0.0) Tue Jan 10 15:52:49 2023

Tried aggregator 1 time.
LP Presolve eliminated 1633 rows and 2007 columns.
Aggregator did 1199 substitutions.
Reduced LP has 1138 rows, 2430 columns, and 10543 nonzeros.
Presolve time = 0.05 sec. (7.32 ticks)

Iteration log . . .
Iteration:     1    Infeasibility =         40909.278543
Iteration:   141    Infeasibility =         14959.489800
Iteration:   257    Infeasibility =          9940.214134
Iteration:   371    Infeasibility =          8301.703620
Iteration:   471    Infeasibility =          6948.173019
Iteration:   570    Infeasibility =          6047.640252
Iteration:   676    Infeasibility =          5500.529207
Iteration:   784    Infeasibility =          4673.728109
Iteration:   896    Infeasibility =          3765.217007
Iteration:  1007    Infeasibility =          2978.451866
Iteration:  1110    Infeasibility =          2438.332715
Iteration:  1204    Infeasibility =          2261.207097
Switched to devex.
Iteration:  1287    Infeasibility =          1882.531567
Iteration:  1382    Infeasibility =          1092.129103
Iteration:  1490    Infeasibility =           559.070571
Iteration:  1584    Infeasibility =           415.644465
Iteration:  1697    Infeasibility =           283.431823
Iteration:  1795    Infeasibility =           223.379141
Iteration:  1902    Infeasibility =           139.058095
Iteration:  2008    Infeasibility =            74.168848
Iteration:  2110    Infeasibility =            58.818823
Switched to steepest-edge.
Iteration:  2194    Infeasibility =            49.992259
Iteration:  2267    Infeasibility =            48.104080
Iteration:  2335    Infeasibility =            17.652940
Iteration:  2400    Infeasibility =            14.985680
Iteration:  2462    Infeasibility =             9.160124
Iteration:  2529    Infeasibility =             6.740127
Iteration:  2592    Infeasibility =             0.934229

Dual simplex solved model.


Log for 'fba' Clone_2 (V12.10.0.0) Tue Jan 10 15:55:41 2023

Tried aggregator 1 time.
LP Presolve eliminated 1633 rows and 2007 columns.
Aggregator did 1199 substitutions.
Reduced LP has 1138 rows, 2430 columns, and 10543 nonzeros.
Presolve time = 0.00 sec. (7.32 ticks)

Iteration log . . .
Iteration:     1    Infeasibility =         40909.278543
Iteration:   148    Infeasibility =         14453.312645
Iteration:   255    Infeasibility =         10425.688801
Iteration:   340    Infeasibility =          9154.021807
Iteration:   423    Infeasibility =          8191.667834
Iteration:   503    Infeasibility =          6973.800309
Iteration:   587    Infeasibility =          6169.113036
Iteration:   680    Infeasibility =          5625.526413
Iteration:   768    Infeasibility =          5367.151808
Iteration:   860    Infeasibility =          5149.520390
Iteration:   960    Infeasibility =          4339.713322
Iteration:  1045    Infeasibility =          3720.409190
Iteration:  1136    Infeasibility =          3534.294901
Iteration:  1227    Infeasibility =          2865.507516
Switched to devex.
Iteration:  1312    Infeasibility =          2057.046852
Iteration:  1418    Infeasibility =           767.884383
Iteration:  1509    Infeasibility =           595.798411
Iteration:  1605    Infeasibility =           478.689489
Iteration:  1701    Infeasibility =           300.923313
Iteration:  1795    Infeasibility =           172.273116
Iteration:  1898    Infeasibility =           129.179863
Iteration:  1985    Infeasibility =            92.486037

Dual simplex solved model.


Log for 'fba' Clone_2 (V12.10.0.0) Sun Jan 29 09:38:07 2023

Tried aggregator 1 time.
LP Presolve eliminated 1076 rows and 1290 columns.
Aggregator did 833 substitutions.
Reduced LP has 835 rows, 1940 columns, and 8353 nonzeros.
Presolve time = 0.05 sec. (4.85 ticks)

Iteration log . . .
Iteration:     1    Infeasibility =        711381.688826
Iteration:   121    Infeasibility =        253019.128538
Iteration:   201    Infeasibility =        197326.798319
Iteration:   273    Infeasibility =        152824.216232
Iteration:   345    Infeasibility =        123608.860514
Iteration:   419    Infeasibility =        100651.345174
Iteration:   493    Infeasibility =         88994.733959
Iteration:   570    Infeasibility =         69803.812679
Iteration:   641    Infeasibility =         54913.622186
Iteration:   710    Infeasibility =         48131.005906
Iteration:   781    Infeasibility =         43980.720243
Iteration:   857    Infeasibility =         39347.830111
Iteration:   937    Infeasibility =         33399.778297
Iteration:  1007    Infeasibility =         27146.169048
Iteration:  1093    Infeasibility =         17816.146072
Switched to devex.
Iteration:  1178    Infeasibility =          9748.151301
Iteration:  1270    Infeasibility =          2792.148170
Iteration:  1350    Infeasibility =          2037.970550
Iteration:  1437    Infeasibility =          1132.269419
Iteration:  1533    Infeasibility =           778.260736
Iteration:  1622    Infeasibility =           515.944310
Iteration:  1696    Infeasibility =           460.374400
Iteration:  1786    Infeasibility =           332.171926
Iteration:  1864    Infeasibility =           312.036638
Iteration:  1939    Infeasibility =           299.230662

Dual simplex solved model.


Log for 'fba' Clone_2 (V12.10.0.0) Sun Jan 29 11:42:00 2023

Tried aggregator 1 time.
LP Presolve eliminated 1633 rows and 2007 columns.
Aggregator did 1199 substitutions.
Reduced LP has 1138 rows, 2430 columns, and 10543 nonzeros.
Presolve time = 0.02 sec. (7.32 ticks)

Iteration log . . .
Iteration:     1    Infeasibility =         40909.278543
Iteration:   141    Infeasibility =         14959.489800
Iteration:   257    Infeasibility =          9940.214134
Iteration:   371    Infeasibility =          8301.703620
Iteration:   471    Infeasibility =          6948.173019
Iteration:   570    Infeasibility =          6047.640252
Iteration:   676    Infeasibility =          5500.529207
Iteration:   784    Infeasibility =          4673.728109
Iteration:   896    Infeasibility =          3765.217007
Iteration:  1007    Infeasibility =          2978.451866
Iteration:  1110    Infeasibility =          2438.332715
Iteration:  1204    Infeasibility =          2261.207097
Switched to devex.
Iteration:  1287    Infeasibility =          1882.531567
Iteration:  1382    Infeasibility =          1092.129103
Iteration:  1490    Infeasibility =           559.070571
Iteration:  1584    Infeasibility =           415.644465
Iteration:  1697    Infeasibility =           283.431823
Iteration:  1795    Infeasibility =           223.379141
Iteration:  1902    Infeasibility =           139.058095
Iteration:  2008    Infeasibility =            74.168848
Iteration:  2110    Infeasibility =            58.818823
Switched to steepest-edge.
Iteration:  2194    Infeasibility =            49.992259
Iteration:  2267    Infeasibility =            48.104080
Iteration:  2335    Infeasibility =            17.652940
Iteration:  2400    Infeasibility =            14.985680
Iteration:  2462    Infeasibility =             9.160124
Iteration:  2529    Infeasibility =             6.740127
Iteration:  2592    Infeasibility =             0.934229
Iteration:  2654    Infeasibility =             0.384084
Iteration:  2717    Infeasibility =             0.082329
Iteration:  2787    Infeasibility =             0.082329
Iteration:  2862    Infeasibility =             0.082329

Dual simplex solved model.

